<?xml version="1.0" encoding="UTF-8"?>
<!-- Generated by org.testng.reporters.JUnitReportReporter -->
<testsuite skipped="0" hostname="DERIW42SLPC1327" name="samplePackage.FirstMavenClass" tests="1" failures="0" timestamp="08 Mar 2020 05:31:13 GMT" time="0.020" errors="0">
  <testcase name="test1" time="0.020" classname="samplePackage.FirstMavenClass"/>
</testsuite> <!-- samplePackage.FirstMavenClass -->
